<?xml version="1.0" encoding="UTF-8"?>
<testng-results ignored="0" total="4" passed="4" failed="0" skipped="0">
  <reporter-output>
  </reporter-output>
  <suite started-at="2025-06-20T16:18:59 IST" name="Zoho Suite" finished-at="2025-06-20T16:19:28 IST" duration-ms="29306">
    <groups>
    </groups>
    <test started-at="2025-06-20T16:18:59 IST" name="Zoho Test" finished-at="2025-06-20T16:19:28 IST" duration-ms="29306">
      <class name="testcase.MyFirstTest">
        <test-method is-config="true" signature="setup()[pri:0, instance:testcase.MyFirstTest@14028087]" started-at="2025-06-20T16:18:59 IST" name="setup" finished-at="2025-06-20T16:19:05 IST" duration-ms="6196" status="PASS">
          <reporter-output>
          </reporter-output>
        </test-method> <!-- setup -->
        <test-method signature="LoginTest(java.lang.String,java.lang.String)[pri:0, instance:testcase.MyFirstTest@14028087]" started-at="2025-06-20T16:19:07 IST" name="LoginTest" data-provider="Zohodata" finished-at="2025-06-20T16:19:12 IST" duration-ms="5606" status="PASS">
          <params>
            <param index="0">
              <value>
                <![CDATA[vk@gmail.com]]>
              </value>
            </param>
            <param index="1">
              <value>
                <![CDATA[uebe@45]]>
              </value>
            </param>
          </params>
          <reporter-output>
          </reporter-output>
        </test-method> <!-- LoginTest -->
        <test-method signature="LoginTest(java.lang.String,java.lang.String)[pri:0, instance:testcase.MyFirstTest@14028087]" started-at="2025-06-20T16:19:12 IST" name="LoginTest" data-provider="Zohodata" finished-at="2025-06-20T16:19:17 IST" duration-ms="5234" status="PASS">
          <params>
            <param index="0">
              <value>
                <![CDATA[rk@gmail.com]]>
              </value>
            </param>
            <param index="1">
              <value>
                <![CDATA[rksurk@24]]>
              </value>
            </param>
          </params>
          <reporter-output>
          </reporter-output>
        </test-method> <!-- LoginTest -->
        <test-method signature="LoginTest(java.lang.String,java.lang.String)[pri:0, instance:testcase.MyFirstTest@14028087]" started-at="2025-06-20T16:19:17 IST" name="LoginTest" data-provider="Zohodata" finished-at="2025-06-20T16:19:23 IST" duration-ms="5263" status="PASS">
          <params>
            <param index="0">
              <value>
                <![CDATA[naveen@gmail.com]]>
              </value>
            </param>
            <param index="1">
              <value>
                <![CDATA[varunk@26]]>
              </value>
            </param>
          </params>
          <reporter-output>
          </reporter-output>
        </test-method> <!-- LoginTest -->
        <test-method signature="LoginTest(java.lang.String,java.lang.String)[pri:0, instance:testcase.MyFirstTest@14028087]" started-at="2025-06-20T16:19:23 IST" name="LoginTest" data-provider="Zohodata" finished-at="2025-06-20T16:19:28 IST" duration-ms="5397" status="PASS">
          <params>
            <param index="0">
              <value>
                <![CDATA[t.varunkumar1010@gmail.com]]>
              </value>
            </param>
            <param index="1">
              <value>
                <![CDATA[VarunHoney@24]]>
              </value>
            </param>
          </params>
          <reporter-output>
          </reporter-output>
        </test-method> <!-- LoginTest -->
        <test-method is-config="true" signature="tearDown()[pri:0, instance:testcase.MyFirstTest@14028087]" started-at="2025-06-20T16:19:28 IST" name="tearDown" finished-at="2025-06-20T16:19:28 IST" duration-ms="191" status="PASS">
          <reporter-output>
          </reporter-output>
        </test-method> <!-- tearDown -->
      </class> <!-- testcase.MyFirstTest -->
    </test> <!-- Zoho Test -->
  </suite> <!-- Zoho Suite -->
</testng-results>
