<?xml version="1.0" encoding="UTF-8"?>
<!-- Generated by org.testng.reporters.JUnitXMLReporter -->
<testsuite ignored="0" hostname="VarunKumar" failures="0" tests="4" name="Zoho Test" time="29.306" errors="0" timestamp="2025-06-20T16:19:28 IST">
  <testcase classname="testcase.MyFirstTest" name="LoginTest" time="5.606"/>
  <testcase classname="testcase.MyFirstTest" name="LoginTest" time="5.234"/>
  <testcase classname="testcase.MyFirstTest" name="LoginTest" time="5.263"/>
  <testcase classname="testcase.MyFirstTest" name="LoginTest" time="5.397"/>
</testsuite> <!-- Zoho Test -->
